<?xml version="1.0" encoding="UTF-8"?>
<!-- Generated by org.testng.reporters.JUnitReportReporter -->
<testsuite skipped="0" hostname="DESKTOP-06OUV9F" name="mt.mstr.modules.Launch" tests="1" failures="0" timestamp="13 Jul 2019 01:10:57 GMT" time="14.891" errors="0">
  <testcase name="executeLaunch" time="14.891" classname="mt.mstr.modules.Launch"/>
</testsuite> <!-- mt.mstr.modules.Launch -->
