<?xml version="1.0" encoding="UTF-8"?>
<!-- Generated by org.testng.reporters.JUnitReportReporter -->
<testsuite skipped="0" hostname="DESKTOP-06OUV9F" name="mt.mstr.modules.Login" tests="1" failures="0" timestamp="13 Jul 2019 01:10:57 GMT" time="6.443" errors="0">
  <testcase name="executeLoginwithValidds" time="6.443" classname="mt.mstr.modules.Login"/>
</testsuite> <!-- mt.mstr.modules.Login -->
