<?xml version="1.0" encoding="UTF-8"?>
<!-- Generated by org.testng.reporters.JUnitReportReporter -->
<testsuite skipped="0" hostname="DESKTOP-06OUV9F" name="mt.mstr.modules.Login" tests="1" failures="0" timestamp="14 Jul 2019 03:58:47 GMT" time="8.699" errors="0">
  <testcase name="executeLoginwithValidds" time="8.699" classname="mt.mstr.modules.Login"/>
</testsuite> <!-- mt.mstr.modules.Login -->
